217 983 3.76499
217 974 3.78151
217 785 3.73995
217 717 3.78151
217 616 5.0207
217 416 2.36292
217 125 4.2739
215 316 3.78151
215 159 3.91494
215 520 4.63356
215 634 5.1937
215 717 3.78151
215 381 4.30153
130 157 3.78151
130 550 3.31084
130 625 4.92952
130 975 2.5436
130 915 3.78151
130 930 2.65079
130 528 0.809035
130 562 2.28681
130 444 3.78151
130 95 4.46109
130 781 2.62075
130 383 4.15283
130 687 3.78151
130 431 3.4531
130 376 3.78151
136 256 4.03558
136 381 3.78151
136 440 4.10317
136 711 3.78151
494 633 2.78903
139 159 2.48443
139 283 3.98504
138 159 3.78151
138 550 3.87225
138 985 1.17246
138 44 3.55268
138 445 3.78151
138 125 3.78151
26 195 3.78151
26 693 4.29037
26 283 3.78151
26 997 3.78151
26 381 0.997853
26 860 3.78151
26 944 1.21899
26 685 3.78151
21 381 1.07428
21 542 4.42637
21 721 3.42857
28 867 2.54376
29 760 3.77246
29 137 4.39051
29 24 3.78151
29 26 3.67916
29 284 3.01073
29 715 4.43058
29 998 3.78151
29 425 3.36557
29 910 3.78151
29 371 3.78151
29 100 1.10572
29 922 3.78151
29 988 3.78151
29 258 3.53344
29 171 0.908251
29 396 1.17899
29 235 3.78151
29 147 3.24591
29 772 1.39344
29 148 3.78151
29 74 3.78151
29 484 4.30194
29 944 3.78151
346 416 3.42263
346 159 4.93077
346 507 3.27423
346 465 3.08123
346 301 3.44031
346 616 3.60885
346 711 4.75583
346 307 3.78151
346 96 3.39181
346 12 3.78151
346 262 4.64756
347 693 3.78151
347 934 3.34062
347 997 3.78151
347 717 3.22468
347 715 3.78151
347 265 1.29965
347 531 3.78151
347 377 3.18001
347 709 3.78151
347 111 2.58453
347 520 3.78151
347 367 2.47208
347 855 3.78151
347 438 2.35948
347 331 3.78151
347 63 2.46537
347 977 3.78151
347 502 2.47988
347 90 3.78151
347 92 3.78151
347 601 3.78151
347 230 0.92372
347 680 3.78151
342 151 1.65272
342 661 3.38216
342 910 4.59857
326 125 3.78151
326 915 3.74785
282 440 3.73965
282 544 4.70879
282 170 3.78151
452 377 3.86781
452 985 3.53437
263 157 3.4647
263 445 3.25218
263 491 3.12012
123 985 3.78151
123 490 3.40395
123 976 3.78151
123 858 3.2332
123 796 1.57017
123 584 3.29116
123 73 1.57506
123 958 4.09135
123 685 4.12756
123 656 2.96333
266 497 3.78151
266 814 2.37694
266 997 3.78151
266 679 3.27492
266 717 3.78151
266 12 3.98333
266 219 3.78151
266 961 1.80669
266 59 3.78151
266 410 3.98793
266 298 3.78151
266 834 4.20332
266 919 3.78151
266 918 3.69093
266 915 4.15043
266 528 3.14902
266 301 5.30107
266 381 2.85011
266 385 3.78151
266 243 3.23773
266 337 3.78151
266 152 3.53293
266 972 3.78151
266 651 3.66032
266 465 3.78151
266 317 4.45907
266 15 3.78151
266 962 3.78151
266 722 3.78151
266 557 2.04757
266 45 3.78151
266 773 4.36793
266 671 3.78151
265 199 4.57841
265 661 5.1164
265 985 3.96116
265 977 3.78151
265 289 4.71064
265 633 3.78151
265 392 3.97264
265 513 1.04897
265 377 3.91767
127 542 2.96092
127 717 4.45313
127 711 1.13896
127 100 3.39262
127 721 3.78151
268 855 3.9978
268 199 3.78151
268 125 4.19392
50 591 3.78151
50 890 4.1954
50 621 3.78151
50 336 4.38582
50 701 3.78151
50 60 2.27715
50 973 4.07561
50 316 3.54462
50 612 2.89536
50 445 3.31916
50 307 4.09556
50 12 3.00626
50 350 3.889
424 10 2.55616
424 444 3.78151
379 152 4.90594
379 766 3.78151
379 764 3.3305
379 444 3.78151
378 625 4.58078
378 195 3.78151
378 915 4.76054
378 711 3.78151
378 444 3.18832
378 381 3.78151
378 12 3.29938
378 16 3.78151
378 376 3.1442
293 256 3.78151
319 838 4.73061
319 701 3.78151
319 277 4.69057
313 834 3.78151
313 16 4.80277
313 946 3.78151
190 444 4.28185
393 256 3.78151
393 340 4.53213
393 73 3.78151
393 381 3.80455
393 16 3.78151
393 536 3.30259
393 474 5.00009
393 377 3.10786
88 321 4.91108
88 915 4.14405
88 528 4.02539
88 721 2.97318
88 107 3.78151
88 465 3.31519
88 10 4.31972
88 962 4.57332
88 946 3.35705
88 57 3.27509
88 350 3.39667
88 685 3.80382
89 151 2.67051
89 390 2.90863
89 739 3.78151
89 568 3.61283
89 758 3.67785
89 242 4.13048
89 430 3.38832
274 834 2.91932
274 785 3.3038
274 95 3.61276
274 96 3.78151
274 16 3.18273
274 685 3.78151
275 623 4.4247
275 550 3.78151
275 857 2.74449
275 542 3.47309
275 544 4.03693
275 283 3.78151
275 711 3.61652
275 72 3.78151
275 100 1.95872
275 10 3.78151
275 470 3.35139
394 377 3.78151
279 195 4.52281
279 256 3.78151
279 855 0.671176
81 627 3.78151
81 187 3.87408
81 985 3.78151
81 199 3.19707
81 873 3.78151
81 767 2.60202
81 716 3.78151
81 470 0.652977
81 531 3.78151
87 195 3.1734
87 557 3.78151
87 915 2.28232
87 985 3.78151
87 656 3.78151
87 976 3.78151
87 406 3.95969
87 440 3.78151
87 444 3.87746
87 73 3.78151
87 14 3.57738
87 59 3.78151
87 781 1.78301
87 16 3.78151
87 44 3.4489
87 473 3.78151
87 337 3.58459
87 376 3.78151
364 25 3.28854
364 0 3.78151
364 347 3.96506
364 997 3.78151
364 915 3.73648
364 52 3.78151
364 591 2.95794
364 985 3.95521
364 796 3.064
364 834 3.78151
364 104 3.20943
364 849 3.78151
364 977 3.15231
364 857 3.78151
364 973 2.86993
364 569 3.78151
364 5 3.31758
364 350 3.78151
363 337 3.42053
363 834 3.78151
363 440 4.09455
363 95 3.54713
426 745 3.40348
426 137 2.67541
426 976 3.68442
426 737 2.71093
426 360 3.4459
426 550 2.81946
426 510 4.3939
426 912 1.6052
426 125 4.58373
448 621 3.78151
448 625 3.39562
448 61 3.78151
448 617 4.67382
448 490 3.06011
448 321 3.68005
448 544 3.78151
448 440 2.84899
448 381 3.78151
448 536 2.84537
442 195 2.59689
442 693 3.96604
442 440 2.85198
442 616 3.78151
442 711 2.47018
442 444 3.94567
446 550 2.95327
446 256 4.80241
446 321 3.78151
446 544 2.06353
446 855 3.78151
446 717 3.1048
446 444 3.18855
446 96 3.78151
446 10 3.78151
446 473 3.6422
446 125 3.78151
445 195 4.62894
246 499 3.78151
246 134 2.93837
246 340 3.78151
246 816 3.13438
246 995 1.96263
246 125 3.60108
246 126 3.78151
246 52 2.76474
246 591 3.96478
246 307 3.56127
246 380 3.78151
246 444 1.46611
246 783 3.78151
246 634 0.966416
246 14 3.78151
246 721 0.795864
246 770 3.78151
306 131 0.247818
306 958 2.60201
306 483 0.858178
306 813 4.65964
249 281 0.8452
249 995 3.75002
249 634 1.91825
249 12 3.78151
104 256 2.16354
104 915 3.78151
104 855 2.91274
104 440 3.44158
104 16 3.78151
104 350 3.42905
104 826 4.00043
339 0 2.70351
339 815 3.78151
339 716 3.02227
339 591 2.41777
339 194 2.59521
339 193 3.35765
339 271 2.03594
339 279 3.78151
339 527 3.32544
339 445 3.27066
339 107 3.78151
339 30 3.79981
339 90 3.42441
339 740 3.78151
339 556 3.78151
339 235 4.6357
339 948 3.78151
339 22 3.78962
339 402 3.78151
339 933 3.79197
339 377 3.78151
339 709 4.26815
339 707 3.78151
339 394 4.25999
339 83 0.731593
339 584 3.91878
339 580 3.78151
339 971 3.51963
339 970 3.78151
339 598 3.98694
339 14 3.78151
339 18 1.84296
339 320 4.13375
339 779 3.72417
339 547 3.78151
339 120 4.40626
339 122 3.78151
339 928 4.90097
339 920 4.74727
339 380 4.50884
339 383 3.78151
339 783 4.1513
339 789 3.78151
339 67 3.96131
339 505 3.78151
339 503 3.88448
339 469 3.88388
339 466 3.37581
339 809 3.78151
339 350 3.91854
339 359 2.93678
339 767 3.96171
339 288 3.78151
339 283 4.47288
339 678 3.78151
339 260 5.02409
339 59 0.740476
339 55 4.45856
339 56 3.78151
339 988 4.17172
339 301 3.78151
339 307 3.79736
339 566 3.78151
339 724 4.64248
339 952 0.749746
339 483 3.78151
337 195 0.850604
337 179 4.02684
337 278 0.828446
62 499 3.79552
62 693 1.0208
62 281 4.31068
62 717 3.78151
62 998 3.61883
62 260 3.78151
62 983 3.51145
62 980 3.78151
62 911 4.25242
62 385 2.98067
62 107 3.49126
62 785 3.48892
62 61 3.9902
62 974 3.16156
62 460 3.78235
62 12 1.00043
62 44 2.77098
62 45 2.95656
62 73 4.33585
64 217 1.89033
64 214 1.76709
64 210 3.78151
64 760 4.00294
64 765 3.78151
64 135 4.11603
64 198 3.78151
64 691 3.98543
64 22 3.78151
64 289 3.16214
64 939 3.78151
64 404 4.0463
64 546 3.78151
64 282 4.61651
64 814 1.83778
64 915 2.18604
64 413 0.922696
64 988 3.87185
64 277 3.78151
64 279 2.95797
64 86 3.78151
64 796 3.15616
64 837 3.78151
64 839 3.19079
64 912 3.78151
64 584 4.38068
64 582 3.78151
64 245 4.84713
64 588 4.74707
64 107 2.74577
64 843 3.78151
64 640 4.05526
64 191 4.45389
64 246 5.2556
64 481 4.07727
64 312 3.41112
64 634 3.78151
64 463 3.47215
64 11 3.78151
64 963 2.78569
64 372 1.16636
64 550 3.4956
64 638 3.78151
64 899 2.18999
64 616 1.01912
64 149 3.01338
64 711 0.352877
64 485 3.49459
64 79 3.78151
64 818 2.67505
64 685 1.2826
64 806 3.31298
65 985 0.876266
65 758 3.96987
65 377 3.78151
175 190 2.65653
175 500 3.78151
175 102 4.45559
173 60 3.78151
173 693 3.12994
173 915 3.78151
173 717 4.45618
173 301 3.85087
173 616 3.91652
181 915 3.78151
181 528 2.33254
460 915 3.78151
460 256 4.33257
168 195 3.78151
168 381 4.05266
229 855 3.78151
229 915 4.56094
228 100 1.55734
164 621 1.8581
164 625 2.04022
164 855 3.892
164 344 3.78151
164 915 3.78151
164 528 3.78151
164 28 4.29056
164 752 3.28917
164 324 4.40159
164 475 3.78151
164 316 3.92017
164 382 1.76018
164 920 4.0127
164 102 3.78151
164 100 2.38297
164 91 1.44466
164 12 3.42373
164 51 3.78151
164 721 3.78151
90 768 3.04254
90 499 3.05894
90 496 3.78151
90 698 4.33729
90 935 1.87453
90 366 3.99916
90 220 3.78151
90 51 4.49438
90 296 3.76538
90 377 2.69334
90 989 5.18192
90 66 5.10347
90 115 3.78151
90 244 4.03116
90 833 2.79676
90 368 4.13358
90 523 3.78151
90 723 4.32666
90 304 3.98382
90 305 3.23659
90 444 3.13891
90 307 4.19129
90 781 3.35047
90 518 3.34804
90 434 3.78151
90 538 3.78151
90 403 3.78151
90 501 3.30036
90 810 3.78151
90 227 1.02306
90 96 4.4258
90 966 2.73996
90 356 3.78151
90 867 3.90809
90 727 3.70166
90 287 4.95843
90 743 3.78151
90 46 3.99607
90 42 3.78151
90 617 4.83112
90 473 3.78151
167 195 3.0597
94 623 3.53647
94 198 2.40678
94 915 3.81859
94 766 5.00201
94 625 3.78151
94 134 5.55299
94 497 1.05353
94 857 1.37606
94 283 3.78151
94 891 4.73909
94 73 3.78151
94 107 1.69062
94 860 4.06308
94 867 4.40063
94 470 2.31866
94 722 3.86671
94 824 3.78151
97 891 3.709
97 440 1.13892
97 616 2.76705
97 381 2.84177
97 470 4.51688
220 466 3.78151
220 427 2.828
220 372 4.15266
220 813 4.58802
220 513 3.78151
10 16 4.53772
10 617 3.78151
10 260 4.80914
10 722 3.78151
10 281 2.73719
14 256 1.68002
14 616 3.00409
14 722 3.78151
17 195 4.32064
17 700 3.78151
17 550 4.06426
17 977 3.78151
17 281 5.00397
17 502 3.78151
17 500 3.61933
17 997 3.78151
17 240 3.54014
17 128 3.78151
17 14 3.12973
17 514 3.13608
397 217 3.01583
397 661 3.78151
397 25 5.24545
397 340 3.58943
397 716 1.20773
397 260 3.78151
397 533 0.875909
397 195 3.78151
397 145 2.64133
397 790 3.78151
397 798 2.98876
397 523 3.78151
397 915 3.51964
397 587 3.05383
397 245 2.2322
397 786 3.78151
397 970 2.80974
397 439 3.78151
397 625 3.43815
397 316 3.78151
397 568 4.91526
397 756 3.78151
397 190 3.79799
397 16 3.68962
397 728 3.17458
397 150 3.78151
397 156 3.93853
397 749 3.78151
397 235 3.72245
397 237 3.78151
397 956 4.35086
397 818 0.631142
397 982 4.74707
397 685 3.78151
155 544 4.72196
155 281 3.78151
155 814 3.20122
155 961 3.2187
155 195 2.64945
155 984 3.78151
155 85 2.88219
155 520 3.78151
155 441 2.17355
155 306 3.78151
155 383 4.40993
155 385 3.78151
155 100 3.74093
155 248 3.78151
155 625 4.79098
155 256 3.78151
155 107 4.46137
155 560 3.78151
155 228 2.36781
155 96 3.78151
155 14 3.76078
155 152 2.87756
155 356 1.8009
155 320 3.78151
155 807 4.38949
235 834 3.78151
235 157 3.65153
235 721 3.78151
235 256 2.99501
235 289 3.78151
235 125 2.99888
356 625 3.78151
356 195 4.78775
356 796 3.78151
356 289 3.7417
356 855 3.78151
356 542 4.08547
356 444 2.50605
41 2 3.94864
322 838 3.78151
322 536 4.74933
322 915 3.24832
5 289 2.56505
5 392 3.78151
325 60 3.73238
325 256 2.883
325 855 2.5855
325 973 3.78151
325 770 4.72582
325 569 3.78151
325 544 1.61635
325 902 3.78151
325 785 3.62604
325 470 3.78151
329 834 3.22711
329 838 1.90569
352 661 3.59671
147 693 4.53253
147 550 4.09366
147 270 3.78151
147 834 3.38761
147 737 3.78151
147 933 4.33118
147 445 3.78151
147 10 3.83435
147 12 3.56826
147 814 2.48773
147 536 4.79252
147 470 3.67976
147 350 3.78151
147 921 4.39775
147 294 1.05708
207 277 2.9793
207 661 3.47247
207 510 3.98748
207 814 3.78151
141 195 4.43261
141 337 3.78151
141 634 3.34653
141 73 3.78151
141 96 3.61067
484 277 3.78151
484 510 3.49443
484 483 3.78151
483 675 3.63603
480 219 2.62013
480 490 1.65496
480 347 3.78151
480 544 2.58686
480 337 3.78151
480 59 4.09018
480 539 3.78151
480 796 4.68821
480 794 3.78151
480 838 1.85296
480 301 3.78151
480 444 3.10686
480 842 3.78151
480 783 1.97129
480 33 2.58281
480 626 3.31902
480 256 2.93612
480 976 3.49532
480 852 3.78151
480 656 3.63546
480 785 2.88557
480 967 1.85284
480 16 3.78151
480 881 2.37956
480 157 3.78151
480 945 4.3219
480 685 3.78747
480 806 3.36194
473 195 3.78151
473 444 4.42164
473 721 3.78151
473 528 4.77733
470 958 3.78151
470 777 5.22442
470 556 3.78151
470 962 3.12478
470 28 3.12478
470 377 3.12478
354 660 3.12478
354 693 3.12478
354 0 3.12478
354 813 3.12478
354 991 3.12478
354 260 3.12478
354 126 3.12478
354 915 3.12478
354 584 3.12478
354 446 3.12478
354 445 3.12478
354 170 3.12478
354 975 3.12478
354 974 3.12478
354 501 3.12478
354 750 3.12478
354 634 3.12478
354 460 3.12478
354 95 3.12478
354 12 3.12478
354 159 3.12478
354 550 3.12478
477 761 3.12478
477 343 3.12478
477 199 3.12478
477 372 3.12478
477 789 3.12478
477 513 3.12478
477 63 3.12478
477 633 3.12478
477 469 3.12478
477 466 3.12478
477 726 3.12478
477 749 3.12478
477 551 3.12478
477 954 3.12478
477 121 3.12478
344 289 3.12478
344 102 3.12478
340 717 3.12478
340 617 3.12478
343 625 3.12478
343 159 3.12478
348 199 3.12478
298 648 3.12478
299 717 3.12478
299 737 3.12478
296 190 3.12478
297 42 3.12478
199 915 3.12478
199 711 3.12478
198 16 3.12478
195 16 3.12478
194 721 3.12478
197 651 3.12478
197 910 3.12478
271 284 3.12478
276 361 3.12478
276 318 3.12478
277 536 3.12478
443 625 3.12478
440 758 3.12478
440 701 3.12478
440 440 3.12478
447 737 3.12478
447 910 3.12478
109 465 3.12478
102 444 3.12478
102 721 3.12478
102 392 3.12478
103 256 3.12478
100 465 3.12478
101 550 3.12478
107 977 3.12478
107 809 3.12478
105 102 3.12478
39 195 3.12478
39 381 3.12478
39 625 3.12478
33 557 3.12478
32 853 3.12478
31 270 3.12478
31 822 3.12478
30 517 3.12478
37 63 3.12478
37 761 3.12478
34 377 3.12478
34 392 3.12478
439 260 3.12478
435 100 3.12478
432 661 3.12478
433 470 3.12478
433 337 3.12478
430 616 3.12478
431 256 3.12478
431 195 3.12478
338 256 3.12478
335 195 3.12478
333 470 3.12478
332 151 3.12478
0 482 3.12478
6 890 3.12478
98 195 3.12478
93 785 3.12478
95 195 3.12478
238 958 3.12478
238 510 3.12478
234 514 3.12478
234 125 3.12478
236 985 3.12478
237 530 3.12478
230 143 3.12478
230 256 3.12478
231 804 3.12478
232 151 3.12478
232 199 3.12478
232 962 3.12478
233 385 3.12478
233 321 3.12478
1 256 3.12478
1 16 3.12478
1 867 3.12478
146 601 3.12478
145 503 3.12478
140 100 3.12478
140 72 3.12478
149 344 3.12478
132 316 3.12478
132 855 3.12478
131 61 3.12478
499 717 3.12478
499 785 3.12478
499 985 3.12478
135 344 3.12478
135 705 3.12478
135 376 3.12478
134 761 3.12478
495 625 3.12478
490 834 3.12478
491 44 3.12478
491 982 3.12478
491 351 3.12478
492 440 3.12478
492 16 3.12478
492 528 3.12478
493 260 3.12478
20 500 3.12478
23 195 3.12478
23 256 3.12478
23 381 3.12478
407 821 3.12478
409 701 3.12478
409 568 3.12478
408 517 3.12478
408 556 3.12478
408 424 3.12478
373 701 3.12478
375 519 3.12478
374 16 3.12478
374 503 3.12478
377 151 3.12478
377 41 3.12478
376 500 3.12478
392 985 3.12478
392 701 3.12478
390 104 3.12478
390 536 3.12478
390 16 3.12478
396 84 3.12478
396 625 3.12478
395 814 3.12478
82 895 3.12478
83 316 3.12478
86 195 3.12478
247 381 3.12478
242 528 3.12478
248 336 3.12478
248 946 3.12478
248 31 3.12478
248 601 3.12478
458 513 3.12478
459 138 3.12478
450 381 3.12478
450 975 3.12478
451 961 3.12478
453 470 3.12478
454 985 3.12478
454 270 3.12478
455 857 3.12478
456 159 3.12478
457 377 3.12478
179 12 3.12478
179 544 3.12478
178 697 3.12478
176 785 3.12478
174 857 3.12478
174 648 3.12478
174 385 3.12478
172 508 3.12478
172 847 3.12478
172 967 3.12478
171 910 3.12478
182 377 3.12478
182 814 3.12478
180 42 3.12478
2 921 3.12478
2 42 3.12478
2 783 3.12478
186 10 3.12478
187 392 3.12478
184 260 3.12478
185 685 3.12478
189 749 3.12478
11 893 3.12478
11 533 3.12478
15 45 3.12478
15 100 3.12478
19 621 3.12478
19 14 3.12478
19 96 3.12478
18 377 3.12478
18 427 3.12478
323 550 3.12478
320 834 3.12478
320 616 3.12478
324 102 3.12478
324 555 3.12478
203 519 3.12478
202 568 3.12478
202 675 3.12478
202 199 3.12478
204 747 3.12478
209 376 3.12478
208 692 3.12478
76 860 3.12478
74 444 3.12478
73 563 3.12478
79 555 3.12478
120 985 3.12478
120 159 3.12478
120 440 3.12478
121 392 3.12478
121 617 3.12478
121 973 3.12478
121 41 3.12478
122 420 3.12478
122 910 3.12478
124 796 3.12478
126 72 3.12478
415 289 3.12478
415 392 3.12478
417 366 3.12478
411 344 3.12478
413 195 3.12478
413 440 3.12478
137 510 3.12478
418 470 3.12478
419 536 3.12478
318 915 3.12478
318 256 3.12478
318 625 3.12478
312 465 3.12478
312 340 3.12478
310 278 3.12478
310 566 3.12478
317 625 3.12478
316 528 3.12478
315 809 3.12478
315 737 3.12478
3 693 3.12478
368 697 3.12478
366 949 3.12478
367 372 3.12478
367 661 3.12478
365 321 3.12478
365 915 3.12478
362 107 3.12478
360 470 3.12478
360 528 3.12478
380 838 3.12478
382 544 3.12478
382 785 3.12478
382 73 3.12478
383 563 3.12478
383 596 3.12478
386 625 3.12478
386 195 3.12478
388 661 3.12478
60 7 3.12478
60 223 3.12478
60 399 3.12478
61 544 3.12478
259 721 3.12478
259 195 3.12478
67 834 3.12478
252 42 3.12478
69 444 3.12478
69 625 3.12478
251 661 3.12478
257 190 3.12478
257 998 3.12478
257 977 3.12478
255 855 3.12478
469 381 3.12478
468 976 3.12478
467 350 3.12478
466 73 3.12478
463 701 3.12478
169 289 3.12478
161 591 3.12478
162 466 3.12478
163 623 3.12478
357 102 3.12478
357 998 3.12478
357 760 3.12478
355 915 3.12478
350 510 3.12478
350 392 3.12478
359 444 3.12478
216 107 3.12478
213 977 3.12478
210 381 3.12478
211 743 3.12478
219 102 3.12478
219 596 3.12478
288 806 3.12478
288 634 3.12478
4 392 3.12478
280 542 3.12478
285 544 3.12478
284 104 3.12478
287 444 3.12478
287 785 3.12478
286 282 3.12478
286 125 3.12478
286 381 3.12478
262 834 3.12478
262 283 3.12478
261 104 3.12478
260 701 3.12478
260 63 3.12478
267 723 3.12478
264 561 3.12478
55 625 3.12478
55 648 3.12478
54 806 3.12478
51 625 3.12478
53 289 3.12478
52 151 3.12478
117 270 3.12478
117 536 3.12478
116 834 3.12478
116 721 3.12478
116 716 3.12478
116 986 3.12478
113 444 3.12478
253 625 3.12478
429 785 3.12478
428 260 3.12478
428 536 3.12478
420 651 3.12478
420 268 3.12478
423 91 3.12478
300 910 3.12478
300 281 3.12478
302 515 3.12478
305 615 3.12478
305 44 3.12478
305 460 3.12478
227 392 3.12478
226 100 3.12478
224 528 3.12478
223 61 3.12478
114 45 3.12478
114 131 3.12478
151 102 3.12478
150 444 3.12478
153 625 3.12478
153 440 3.12478
152 719 3.12478
152 182 3.12478
154 519 3.12478
157 556 3.12478
159 692 3.12478
112 915 3.12478
49 337 3.12478
49 550 3.12478
46 125 3.12478
489 190 3.12478
489 813 3.12478
488 536 3.12478
488 381 3.12478
487 195 3.12478
487 915 3.12478
486 785 3.12478
486 195 3.12478
472 544 3.12478
471 337 3.12478
476 199 3.12478
476 114 3.12478
478 915 3.12478
